# JRE version: Java(TM) SE Runtime Environment (7.0_75-b13) (build 1.7.0_75-b13)
# Java VM: Java HotSpot(TM) 64-Bit Server VM (24.75-b04 mixed mode windows-amd64 compressed oops)
Heap
 par new generation   total 314560K, used 21772K [0x00000000bae00000, 0x00000000d0350000, 0x00000000d0350000)
  eden space 279616K,   7% used [0x00000000bae00000, 0x00000000bc1c1800, 0x00000000cbf10000)
  from space 34944K,   4% used [0x00000000ce130000, 0x00000000ce2b1888, 0x00000000d0350000)
  to   space 34944K,   0% used [0x00000000cbf10000, 0x00000000cbf10000, 0x00000000ce130000)
 concurrent mark-sweep generation total 699072K, used 368482K [0x00000000d0350000, 0x00000000fae00000, 0x00000000fae00000)
 concurrent-mark-sweep perm gen total 83968K, used 60129K [0x00000000fae00000, 0x0000000100000000, 0x0000000100000000)
GC Heap History (10 events):
Event: 1084.282 GC heap before
{Heap before GC invocations=156 (full 20):
 par new generation   total 314560K, used 281507K [0x00000000bae00000, 0x00000000d0350000, 0x00000000d0350000)
  eden space 279616K, 100% used [0x00000000bae00000, 0x00000000cbf10000, 0x00000000cbf10000)
  from space 34944K,   5% used [0x00000000cbf10000, 0x00000000cc0e8f40, 0x00000000ce130000)
  to   space 34944K,   0% used [0x00000000ce130000, 0x00000000ce130000, 0x00000000d0350000)
 concurrent mark-sweep generation total 699072K, used 368173K [0x00000000d0350000, 0x00000000fae00000, 0x00000000fae00000)
 concurrent-mark-sweep perm gen total 83968K, used 60027K [0x00000000fae00000, 0x0000000100000000, 0x0000000100000000)
Event: 1084.313 GC heap after
Heap after GC invocations=157 (full 20):
 par new generation   total 314560K, used 1852K [0x00000000bae00000, 0x00000000d0350000, 0x00000000d0350000)
  eden space 279616K,   0% used [0x00000000bae00000, 0x00000000bae00000, 0x00000000cbf10000)
  from space 34944K,   5% used [0x00000000ce130000, 0x00000000ce2ff0d8, 0x00000000d0350000)
  to   space 34944K,   0% used [0x00000000cbf10000, 0x00000000cbf10000, 0x00000000ce130000)
 concurrent mark-sweep generation total 699072K, used 368326K [0x00000000d0350000, 0x00000000fae00000, 0x00000000fae00000)
 concurrent-mark-sweep perm gen total 83968K, used 60027K [0x00000000fae00000, 0x0000000100000000, 0x0000000100000000)
}
Event: 1094.608 GC heap before
{Heap before GC invocations=157 (full 20):
 par new generation   total 314560K, used 281468K [0x00000000bae00000, 0x00000000d0350000, 0x00000000d0350000)
  eden space 279616K, 100% used [0x00000000bae00000, 0x00000000cbf10000, 0x00000000cbf10000)
  from space 34944K,   5% used [0x00000000ce130000, 0x00000000ce2ff0d8, 0x00000000d0350000)
  to   space 34944K,   0% used [0x00000000cbf10000, 0x00000000cbf10000, 0x00000000ce130000)
 concurrent mark-sweep generation total 699072K, used 368326K [0x00000000d0350000, 0x00000000fae00000, 0x00000000fae00000)
 concurrent-mark-sweep perm gen total 83968K, used 60076K [0x00000000fae00000, 0x0000000100000000, 0x0000000100000000)
Event: 1094.615 GC heap after
Heap after GC invocations=158 (full 20):
 par new generation   total 314560K, used 1703K [0x00000000bae00000, 0x00000000d0350000, 0x00000000d0350000)
  eden space 279616K,   0% used [0x00000000bae00000, 0x00000000bae00000, 0x00000000cbf10000)
  from space 34944K,   4% used [0x00000000cbf10000, 0x00000000cc0b9fe0, 0x00000000ce130000)
  to   space 34944K,   0% used [0x00000000ce130000, 0x00000000ce130000, 0x00000000d0350000)
 concurrent mark-sweep generation total 699072K, used 368348K [0x00000000d0350000, 0x00000000fae00000, 0x00000000fae00000)
 concurrent-mark-sweep perm gen total 83968K, used 60076K [0x00000000fae00000, 0x0000000100000000, 0x0000000100000000)
}
Event: 1105.709 GC heap before
{Heap before GC invocations=158 (full 20):
 par new generation   total 314560K, used 281319K [0x00000000bae00000, 0x00000000d0350000, 0x00000000d0350000)
  eden space 279616K, 100% used [0x00000000bae00000, 0x00000000cbf10000, 0x00000000cbf10000)
  from space 34944K,   4% used [0x00000000cbf10000, 0x00000000cc0b9fe0, 0x00000000ce130000)
  to   space 34944K,   0% used [0x00000000ce130000, 0x00000000ce130000, 0x00000000d0350000)
 concurrent mark-sweep generation total 699072K, used 368348K [0x00000000d0350000, 0x00000000fae00000, 0x00000000fae00000)
 concurrent-mark-sweep perm gen total 83968K, used 60079K [0x00000000fae00000, 0x0000000100000000, 0x0000000100000000)
Event: 1105.715 GC heap after
Heap after GC invocations=159 (full 20):
 par new generation   total 314560K, used 1556K [0x00000000bae00000, 0x00000000d0350000, 0x00000000d0350000)
  eden space 279616K,   0% used [0x00000000bae00000, 0x00000000bae00000, 0x00000000cbf10000)
  from space 34944K,   4% used [0x00000000ce130000, 0x00000000ce2b5100, 0x00000000d0350000)
  to   space 34944K,   0% used [0x00000000cbf10000, 0x00000000cbf10000, 0x00000000ce130000)
 concurrent mark-sweep generation total 699072K, used 368358K [0x00000000d0350000, 0x00000000fae00000, 0x00000000fae00000)
 concurrent-mark-sweep perm gen total 83968K, used 60079K [0x00000000fae00000, 0x0000000100000000, 0x0000000100000000)
}
Event: 1116.106 GC heap before
{Heap before GC invocations=159 (full 20):
 par new generation   total 314560K, used 281172K [0x00000000bae00000, 0x00000000d0350000, 0x00000000d0350000)
  eden space 279616K, 100% used [0x00000000bae00000, 0x00000000cbf10000, 0x00000000cbf10000)
  from space 34944K,   4% used [0x00000000ce130000, 0x00000000ce2b5100, 0x00000000d0350000)
  to   space 34944K,   0% used [0x00000000cbf10000, 0x00000000cbf10000, 0x00000000ce130000)
 concurrent mark-sweep generation total 699072K, used 368358K [0x00000000d0350000, 0x00000000fae00000, 0x00000000fae00000)
 concurrent-mark-sweep perm gen total 83968K, used 60081K [0x00000000fae00000, 0x0000000100000000, 0x0000000100000000)
Event: 1116.110 GC heap after
Heap after GC invocations=160 (full 20):
 par new generation   total 314560K, used 1904K [0x00000000bae00000, 0x00000000d0350000, 0x00000000d0350000)
  eden space 279616K,   0% used [0x00000000bae00000, 0x00000000bae00000, 0x00000000cbf10000)
  from space 34944K,   5% used [0x00000000cbf10000, 0x00000000cc0ec388, 0x00000000ce130000)
  to   space 34944K,   0% used [0x00000000ce130000, 0x00000000ce130000, 0x00000000d0350000)
 concurrent mark-sweep generation total 699072K, used 368412K [0x00000000d0350000, 0x00000000fae00000, 0x00000000fae00000)
 concurrent-mark-sweep perm gen total 83968K, used 60081K [0x00000000fae00000, 0x0000000100000000, 0x0000000100000000)
}
Event: 1127.157 GC heap before
{Heap before GC invocations=160 (full 20):
 par new generation   total 314560K, used 281520K [0x00000000bae00000, 0x00000000d0350000, 0x00000000d0350000)
  eden space 279616K, 100% used [0x00000000bae00000, 0x00000000cbf10000, 0x00000000cbf10000)
  from space 34944K,   5% used [0x00000000cbf10000, 0x00000000cc0ec388, 0x00000000ce130000)
  to   space 34944K,   0% used [0x00000000ce130000, 0x00000000ce130000, 0x00000000d0350000)
 concurrent mark-sweep generation total 699072K, used 368412K [0x00000000d0350000, 0x00000000fae00000, 0x00000000fae00000)
 concurrent-mark-sweep perm gen total 83968K, used 60128K [0x00000000fae00000, 0x0000000100000000, 0x0000000100000000)
Event: 1127.162 GC heap after
Heap after GC invocations=161 (full 20):
 par new generation   total 314560K, used 1542K [0x00000000bae00000, 0x00000000d0350000, 0x00000000d0350000)
  eden space 279616K,   0% used [0x00000000bae00000, 0x00000000bae00000, 0x00000000cbf10000)
  from space 34944K,   4% used [0x00000000ce130000, 0x00000000ce2b1888, 0x00000000d0350000)
  to   space 34944K,   0% used [0x00000000cbf10000, 0x00000000cbf10000, 0x00000000ce130000)
 concurrent mark-sweep generation total 699072K, used 368482K [0x00000000d0350000, 0x00000000fae00000, 0x00000000fae00000)
 concurrent-mark-sweep perm gen total 83968K, used 60128K [0x00000000fae00000, 0x0000000100000000, 0x0000000100000000)
}

