# JRE version: Java(TM) SE Runtime Environment (7.0_51-b13) (build 1.7.0_51-b13)
# Java VM: Java HotSpot(TM) 64-Bit Server VM (24.51-b03 mixed mode windows-amd64 compressed oops)
Heap
 par new generation   total 314560K, used 69785K [0x00000000bae00000, 0x00000000d0350000, 0x00000000d0350000)
  eden space 279616K,  22% used [0x00000000bae00000, 0x00000000beba8510, 0x00000000cbf10000)
  from space 34944K,  19% used [0x00000000cbf10000, 0x00000000cc58e0d0, 0x00000000ce130000)
  to   space 34944K,   0% used [0x00000000ce130000, 0x00000000ce130000, 0x00000000d0350000)
 concurrent mark-sweep generation total 699072K, used 432759K [0x00000000d0350000, 0x00000000fae00000, 0x00000000fae00000)
 concurrent-mark-sweep perm gen total 83968K, used 51874K [0x00000000fae00000, 0x0000000100000000, 0x0000000100000000)
GC Heap History (10 events):
Event: 1193.393 GC heap before
{Heap before GC invocations=137 (full 22):
 par new generation   total 314560K, used 289475K [0x00000000bae00000, 0x00000000d0350000, 0x00000000d0350000)
  eden space 279616K, 100% used [0x00000000bae00000, 0x00000000cbf10000, 0x00000000cbf10000)
  from space 34944K,  28% used [0x00000000ce130000, 0x00000000cead0d00, 0x00000000d0350000)
  to   space 34944K,   0% used [0x00000000cbf10000, 0x00000000cbf10000, 0x00000000ce130000)
 concurrent mark-sweep generation total 699072K, used 429863K [0x00000000d0350000, 0x00000000fae00000, 0x00000000fae00000)
 concurrent-mark-sweep perm gen total 83968K, used 51856K [0x00000000fae00000, 0x0000000100000000, 0x0000000100000000)
Event: 1193.398 GC heap after
Heap after GC invocations=138 (full 22):
 par new generation   total 314560K, used 9633K [0x00000000bae00000, 0x00000000d0350000, 0x00000000d0350000)
  eden space 279616K,   0% used [0x00000000bae00000, 0x00000000bae00000, 0x00000000cbf10000)
  from space 34944K,  27% used [0x00000000cbf10000, 0x00000000cc878620, 0x00000000ce130000)
  to   space 34944K,   0% used [0x00000000ce130000, 0x00000000ce130000, 0x00000000d0350000)
 concurrent mark-sweep generation total 699072K, used 430016K [0x00000000d0350000, 0x00000000fae00000, 0x00000000fae00000)
 concurrent-mark-sweep perm gen total 83968K, used 51856K [0x00000000fae00000, 0x0000000100000000, 0x0000000100000000)
}
Event: 1204.245 GC heap before
{Heap before GC invocations=138 (full 22):
 par new generation   total 314560K, used 289249K [0x00000000bae00000, 0x00000000d0350000, 0x00000000d0350000)
  eden space 279616K, 100% used [0x00000000bae00000, 0x00000000cbf10000, 0x00000000cbf10000)
  from space 34944K,  27% used [0x00000000cbf10000, 0x00000000cc878620, 0x00000000ce130000)
  to   space 34944K,   0% used [0x00000000ce130000, 0x00000000ce130000, 0x00000000d0350000)
 concurrent mark-sweep generation total 699072K, used 430016K [0x00000000d0350000, 0x00000000fae00000, 0x00000000fae00000)
 concurrent-mark-sweep perm gen total 83968K, used 51857K [0x00000000fae00000, 0x0000000100000000, 0x0000000100000000)
Event: 1204.251 GC heap after
Heap after GC invocations=139 (full 22):
 par new generation   total 314560K, used 9502K [0x00000000bae00000, 0x00000000d0350000, 0x00000000d0350000)
  eden space 279616K,   0% used [0x00000000bae00000, 0x00000000bae00000, 0x00000000cbf10000)
  from space 34944K,  27% used [0x00000000ce130000, 0x00000000cea77b78, 0x00000000d0350000)
  to   space 34944K,   0% used [0x00000000cbf10000, 0x00000000cbf10000, 0x00000000ce130000)
 concurrent mark-sweep generation total 699072K, used 431162K [0x00000000d0350000, 0x00000000fae00000, 0x00000000fae00000)
 concurrent-mark-sweep perm gen total 83968K, used 51857K [0x00000000fae00000, 0x0000000100000000, 0x0000000100000000)
}
Event: 1215.296 GC heap before
{Heap before GC invocations=139 (full 22):
 par new generation   total 314560K, used 289118K [0x00000000bae00000, 0x00000000d0350000, 0x00000000d0350000)
  eden space 279616K, 100% used [0x00000000bae00000, 0x00000000cbf10000, 0x00000000cbf10000)
  from space 34944K,  27% used [0x00000000ce130000, 0x00000000cea77b78, 0x00000000d0350000)
  to   space 34944K,   0% used [0x00000000cbf10000, 0x00000000cbf10000, 0x00000000ce130000)
 concurrent mark-sweep generation total 699072K, used 431162K [0x00000000d0350000, 0x00000000fae00000, 0x00000000fae00000)
 concurrent-mark-sweep perm gen total 83968K, used 51863K [0x00000000fae00000, 0x0000000100000000, 0x0000000100000000)
Event: 1215.302 GC heap after
Heap after GC invocations=140 (full 22):
 par new generation   total 314560K, used 9712K [0x00000000bae00000, 0x00000000d0350000, 0x00000000d0350000)
  eden space 279616K,   0% used [0x00000000bae00000, 0x00000000bae00000, 0x00000000cbf10000)
  from space 34944K,  27% used [0x00000000cbf10000, 0x00000000cc88c160, 0x00000000ce130000)
  to   space 34944K,   0% used [0x00000000ce130000, 0x00000000ce130000, 0x00000000d0350000)
 concurrent mark-sweep generation total 699072K, used 431608K [0x00000000d0350000, 0x00000000fae00000, 0x00000000fae00000)
 concurrent-mark-sweep perm gen total 83968K, used 51863K [0x00000000fae00000, 0x0000000100000000, 0x0000000100000000)
}
Event: 1224.945 GC heap before
{Heap before GC invocations=140 (full 22):
 par new generation   total 314560K, used 289328K [0x00000000bae00000, 0x00000000d0350000, 0x00000000d0350000)
  eden space 279616K, 100% used [0x00000000bae00000, 0x00000000cbf10000, 0x00000000cbf10000)
  from space 34944K,  27% used [0x00000000cbf10000, 0x00000000cc88c160, 0x00000000ce130000)
  to   space 34944K,   0% used [0x00000000ce130000, 0x00000000ce130000, 0x00000000d0350000)
 concurrent mark-sweep generation total 699072K, used 431608K [0x00000000d0350000, 0x00000000fae00000, 0x00000000fae00000)
 concurrent-mark-sweep perm gen total 83968K, used 51863K [0x00000000fae00000, 0x0000000100000000, 0x0000000100000000)
Event: 1224.952 GC heap after
Heap after GC invocations=141 (full 22):
 par new generation   total 314560K, used 7792K [0x00000000bae00000, 0x00000000d0350000, 0x00000000d0350000)
  eden space 279616K,   0% used [0x00000000bae00000, 0x00000000bae00000, 0x00000000cbf10000)
  from space 34944K,  22% used [0x00000000ce130000, 0x00000000ce8cc248, 0x00000000d0350000)
  to   space 34944K,   0% used [0x00000000cbf10000, 0x00000000cbf10000, 0x00000000ce130000)
 concurrent mark-sweep generation total 699072K, used 432655K [0x00000000d0350000, 0x00000000fae00000, 0x00000000fae00000)
 concurrent-mark-sweep perm gen total 83968K, used 51863K [0x00000000fae00000, 0x0000000100000000, 0x0000000100000000)
}
Event: 1235.795 GC heap before
{Heap before GC invocations=141 (full 22):
 par new generation   total 314560K, used 287368K [0x00000000bae00000, 0x00000000d0350000, 0x00000000d0350000)
  eden space 279616K,  99% used [0x00000000bae00000, 0x00000000cbf05f78, 0x00000000cbf10000)
  from space 34944K,  22% used [0x00000000ce130000, 0x00000000ce8cc248, 0x00000000d0350000)
  to   space 34944K,   0% used [0x00000000cbf10000, 0x00000000cbf10000, 0x00000000ce130000)
 concurrent mark-sweep generation total 699072K, used 432655K [0x00000000d0350000, 0x00000000fae00000, 0x00000000fae00000)
 concurrent-mark-sweep perm gen total 83968K, used 51864K [0x00000000fae00000, 0x0000000100000000, 0x0000000100000000)
Event: 1235.799 GC heap after
Heap after GC invocations=142 (full 22):
 par new generation   total 314560K, used 6648K [0x00000000bae00000, 0x00000000d0350000, 0x00000000d0350000)
  eden space 279616K,   0% used [0x00000000bae00000, 0x00000000bae00000, 0x00000000cbf10000)
  from space 34944K,  19% used [0x00000000cbf10000, 0x00000000cc58e0d0, 0x00000000ce130000)
  to   space 34944K,   0% used [0x00000000ce130000, 0x00000000ce130000, 0x00000000d0350000)
 concurrent mark-sweep generation total 699072K, used 432759K [0x00000000d0350000, 0x00000000fae00000, 0x00000000fae00000)
 concurrent-mark-sweep perm gen total 83968K, used 51864K [0x00000000fae00000, 0x0000000100000000, 0x0000000100000000)
}

